file /home/ac/tsunami_lab/SConstruct,line 135:
	Configure(confdir = .sconf_temp)
scons: Configure: Checking for C++ header file pugixml.hpp... 
scons: Configure: ".sconf_temp/conftest_955da34152ba8c4ceb6358b53152d5e6_0.cpp" is up to date.
scons: Configure: The original builder output was:
  |.sconf_temp/conftest_955da34152ba8c4ceb6358b53152d5e6_0.cpp <-
  |  |
  |  |#include "pugixml.hpp"
  |  |
  |  |
  |
g++ -o .sconf_temp/conftest_955da34152ba8c4ceb6358b53152d5e6_0_8f27087e608450d38dcde46f1cf381db.o -c -std=c++17 -Wall -Wextra -Wpedantic -O2 -Werror -DUSE_PUGIXML -Isubmodules/Catch2/single_include -Isrc .sconf_temp/conftest_955da34152ba8c4ceb6358b53152d5e6_0.cpp
scons: Configure: yes

scons: Configure: Checking for C library pugixml... 
scons: Configure: ".sconf_temp/conftest_df286a1d2f67e69d030b4eff75ca7e12_0.c" is up to date.
scons: Configure: The original builder output was:
  |.sconf_temp/conftest_df286a1d2f67e69d030b4eff75ca7e12_0.c <-
  |  |
  |  |
  |  |
  |  |int
  |  |main() {
  |  |  
  |  |return 0;
  |  |}
  |  |
  |
gcc -o .sconf_temp/conftest_df286a1d2f67e69d030b4eff75ca7e12_0.o -c -DUSE_PUGIXML -Isubmodules/Catch2/single_include -Isrc .sconf_temp/conftest_df286a1d2f67e69d030b4eff75ca7e12_0.c
cc1: fatal error: .sconf_temp/conftest_df286a1d2f67e69d030b4eff75ca7e12_0.c: Datei oder Verzeichnis nicht gefunden
compilation terminated.
scons: Configure: no


file /home/ac/tsunami_lab/SConstruct,line 151:
	Configure(confdir = .sconf_temp)
scons: Configure: Checking for nc_open(0, 0, 0) in C library netcdf... 
scons: Configure: ".sconf_temp/conftest_4d62a62acbba9ae63133b93d10ff43b7_0.c" is up to date.
scons: Configure: The original builder output was:
  |.sconf_temp/conftest_4d62a62acbba9ae63133b93d10ff43b7_0.c <-
  |  |
  |  |
  |  |#include "netcdf.h"
  |  |
  |  |int
  |  |main() {
  |  |  nc_open(0, 0, 0);
  |  |return 0;
  |  |}
  |  |
  |
gcc -o .sconf_temp/conftest_4d62a62acbba9ae63133b93d10ff43b7_0.o -c -DUSE_PUGIXML -Isubmodules/Catch2/single_include -Isrc .sconf_temp/conftest_4d62a62acbba9ae63133b93d10ff43b7_0.c
cc1: fatal error: .sconf_temp/conftest_4d62a62acbba9ae63133b93d10ff43b7_0.c: Datei oder Verzeichnis nicht gefunden
compilation terminated.
scons: Configure: no

scons: Configure: Checking for C library z... 
scons: Configure: ".sconf_temp/conftest_df286a1d2f67e69d030b4eff75ca7e12_1.c" is up to date.
scons: Configure: The original builder output was:
  |.sconf_temp/conftest_df286a1d2f67e69d030b4eff75ca7e12_1.c <-
  |  |
  |  |
  |  |
  |  |int
  |  |main() {
  |  |  
  |  |return 0;
  |  |}
  |  |
  |
gcc -o .sconf_temp/conftest_df286a1d2f67e69d030b4eff75ca7e12_1.o -c -DUSE_PUGIXML -Isubmodules/Catch2/single_include -Isrc .sconf_temp/conftest_df286a1d2f67e69d030b4eff75ca7e12_1.c
cc1: fatal error: .sconf_temp/conftest_df286a1d2f67e69d030b4eff75ca7e12_1.c: Datei oder Verzeichnis nicht gefunden
compilation terminated.
scons: Configure: no

scons: Configure: Checking for C library hdf5... 
scons: Configure: ".sconf_temp/conftest_df286a1d2f67e69d030b4eff75ca7e12_2.c" is up to date.
scons: Configure: The original builder output was:
  |.sconf_temp/conftest_df286a1d2f67e69d030b4eff75ca7e12_2.c <-
  |  |
  |  |
  |  |
  |  |int
  |  |main() {
  |  |  
  |  |return 0;
  |  |}
  |  |
  |
gcc -o .sconf_temp/conftest_df286a1d2f67e69d030b4eff75ca7e12_2.o -c -DUSE_PUGIXML -Isubmodules/Catch2/single_include -Isrc .sconf_temp/conftest_df286a1d2f67e69d030b4eff75ca7e12_2.c
cc1: fatal error: .sconf_temp/conftest_df286a1d2f67e69d030b4eff75ca7e12_2.c: Datei oder Verzeichnis nicht gefunden
compilation terminated.
scons: Configure: no

scons: Configure: Checking for C library hdf5_hl... 
scons: Configure: ".sconf_temp/conftest_df286a1d2f67e69d030b4eff75ca7e12_3.c" is up to date.
scons: Configure: The original builder output was:
  |.sconf_temp/conftest_df286a1d2f67e69d030b4eff75ca7e12_3.c <-
  |  |
  |  |
  |  |
  |  |int
  |  |main() {
  |  |  
  |  |return 0;
  |  |}
  |  |
  |
gcc -o .sconf_temp/conftest_df286a1d2f67e69d030b4eff75ca7e12_3.o -c -DUSE_PUGIXML -Isubmodules/Catch2/single_include -Isrc .sconf_temp/conftest_df286a1d2f67e69d030b4eff75ca7e12_3.c
cc1: fatal error: .sconf_temp/conftest_df286a1d2f67e69d030b4eff75ca7e12_3.c: Datei oder Verzeichnis nicht gefunden
compilation terminated.
scons: Configure: no


